[debug] [2026-01-12T22:47:49.248Z] ----------------------------------------------------------------------
[debug] [2026-01-12T22:47:49.251Z] Command:       C:\Program Files\nodejs\node.exe C:\Users\finna\AppData\Roaming\npm\node_modules\firebase-tools\lib\bin\firebase.js serve
[debug] [2026-01-12T22:47:49.251Z] CLI Version:   15.2.1
[debug] [2026-01-12T22:47:49.251Z] Platform:      win32
[debug] [2026-01-12T22:47:49.251Z] Node Version:  v24.11.1
[debug] [2026-01-12T22:47:49.251Z] Time:          Mon Jan 12 2026 17:47:49 GMT-0500 (Eastern Standard Time)
[debug] [2026-01-12T22:47:49.251Z] ----------------------------------------------------------------------
[debug] 
[debug] [2026-01-12T22:47:50.841Z] > command requires scopes: ["email","openid","https://www.googleapis.com/auth/cloudplatformprojects.readonly","https://www.googleapis.com/auth/firebase","https://www.googleapis.com/auth/cloud-platform"]
[debug] [2026-01-12T22:47:50.841Z] > authorizing via signed-in user (fnadeau1@binghamton.edu)
[debug] [2026-01-12T22:47:50.841Z] [iam] checking project wrestleswap for permissions ["firebase.projects.get"]
[debug] [2026-01-12T22:47:50.842Z] Checked if tokens are valid: true, expires at: 1768261414222
[debug] [2026-01-12T22:47:50.842Z] Checked if tokens are valid: true, expires at: 1768261414222
[debug] [2026-01-12T22:47:50.843Z] >>> [apiv2][query] POST https://cloudresourcemanager.googleapis.com/v1/projects/wrestleswap:testIamPermissions [none]
[debug] [2026-01-12T22:47:50.843Z] >>> [apiv2][(partial)header] POST https://cloudresourcemanager.googleapis.com/v1/projects/wrestleswap:testIamPermissions x-goog-quota-user=projects/wrestleswap
[debug] [2026-01-12T22:47:50.843Z] >>> [apiv2][body] POST https://cloudresourcemanager.googleapis.com/v1/projects/wrestleswap:testIamPermissions {"permissions":["firebase.projects.get"]}
[debug] [2026-01-12T22:47:51.314Z] <<< [apiv2][status] POST https://cloudresourcemanager.googleapis.com/v1/projects/wrestleswap:testIamPermissions 200
[debug] [2026-01-12T22:47:51.314Z] <<< [apiv2][body] POST https://cloudresourcemanager.googleapis.com/v1/projects/wrestleswap:testIamPermissions {"permissions":["firebase.projects.get"]}
[debug] [2026-01-12T22:47:51.315Z] Checked if tokens are valid: true, expires at: 1768261414222
[debug] [2026-01-12T22:47:51.315Z] Checked if tokens are valid: true, expires at: 1768261414222
[debug] [2026-01-12T22:47:51.315Z] >>> [apiv2][query] GET https://cloudresourcemanager.googleapis.com/v1/projects/wrestleswap [none]
[debug] [2026-01-12T22:47:51.543Z] <<< [apiv2][status] GET https://cloudresourcemanager.googleapis.com/v1/projects/wrestleswap 200
[debug] [2026-01-12T22:47:51.543Z] <<< [apiv2][body] GET https://cloudresourcemanager.googleapis.com/v1/projects/wrestleswap {"projectNumber":"857051782398","projectId":"wrestleswap","lifecycleState":"ACTIVE","name":"WrestleSwap","labels":{"firebase":"enabled","firebase-core":"disabled"},"createTime":"2025-11-19T00:52:24.456196Z","parent":{"type":"organization","id":"815821838747"}}
[info] 
[info] === Serving from 'C:\Users\finna\OneDrive\Desktop\SWAPS'...
[info] 
[debug] [2026-01-12T22:47:51.545Z] Checked if tokens are valid: true, expires at: 1768261414222
[debug] [2026-01-12T22:47:51.545Z] Checked if tokens are valid: true, expires at: 1768261414222
[debug] [2026-01-12T22:47:51.555Z] >>> [apiv2][query] GET https://firebasehosting.googleapis.com/v1beta1/projects/wrestleswap/sites 
[debug] [2026-01-12T22:47:51.717Z] defaultcredentials: writing to file C:\Users\finna\AppData\Roaming\firebase\fnadeau1_binghamton_edu_application_default_credentials.json
[debug] [2026-01-12T22:47:51.737Z] Setting GAC to C:\Users\finna\AppData\Roaming\firebase\fnadeau1_binghamton_edu_application_default_credentials.json {"metadata":{"emulator":{"name":"functions"},"message":"Setting GAC to C:\\Users\\finna\\AppData\\Roaming\\firebase\\fnadeau1_binghamton_edu_application_default_credentials.json"}}
[debug] [2026-01-12T22:47:51.738Z] Checked if tokens are valid: true, expires at: 1768261414222
[debug] [2026-01-12T22:47:51.738Z] Checked if tokens are valid: true, expires at: 1768261414222
[debug] [2026-01-12T22:47:51.738Z] >>> [apiv2][query] GET https://firebase.googleapis.com/v1beta1/projects/wrestleswap/adminSdkConfig [none]
[debug] [2026-01-12T22:47:52.229Z] <<< [apiv2][status] GET https://firebasehosting.googleapis.com/v1beta1/projects/wrestleswap/sites 200
[debug] [2026-01-12T22:47:52.230Z] <<< [apiv2][body] GET https://firebasehosting.googleapis.com/v1beta1/projects/wrestleswap/sites {"sites":[{"name":"projects/wrestleswap/sites/wrestleswap","defaultUrl":"https://wrestleswap.web.app","appId":"1:857051782398:web:bb4ab3f98e8dbbc8cad9af","type":"DEFAULT_SITE"}]}
[debug] [2026-01-12T22:47:52.230Z] Checked if tokens are valid: true, expires at: 1768261414222
[debug] [2026-01-12T22:47:52.230Z] Checked if tokens are valid: true, expires at: 1768261414222
[debug] [2026-01-12T22:47:52.230Z] >>> [apiv2][query] GET https://firebase.googleapis.com/v1beta1/projects/wrestleswap/webApps/1:857051782398:web:bb4ab3f98e8dbbc8cad9af/config [none]
[debug] [2026-01-12T22:47:52.331Z] <<< [apiv2][status] GET https://firebase.googleapis.com/v1beta1/projects/wrestleswap/adminSdkConfig 200
[debug] [2026-01-12T22:47:52.332Z] <<< [apiv2][body] GET https://firebase.googleapis.com/v1beta1/projects/wrestleswap/adminSdkConfig {"projectId":"wrestleswap","storageBucket":"wrestleswap.firebasestorage.app"}
[debug] [2026-01-12T22:47:52.843Z] <<< [apiv2][status] GET https://firebase.googleapis.com/v1beta1/projects/wrestleswap/webApps/1:857051782398:web:bb4ab3f98e8dbbc8cad9af/config 200
[debug] [2026-01-12T22:47:52.843Z] <<< [apiv2][body] GET https://firebase.googleapis.com/v1beta1/projects/wrestleswap/webApps/1:857051782398:web:bb4ab3f98e8dbbc8cad9af/config {"projectId":"wrestleswap","appId":"1:857051782398:web:bb4ab3f98e8dbbc8cad9af","storageBucket":"wrestleswap.firebasestorage.app","apiKey":"AIzaSyBrNzOA__bI6zA2PvTFTujmFiBLsCe1iBk","authDomain":"wrestleswap.firebaseapp.com","messagingSenderId":"857051782398","measurementId":"G-B411WXLF3J","projectNumber":"857051782398","version":"2"}
[debug] [2026-01-12T22:47:52.867Z] Checked if tokens are valid: true, expires at: 1768261414222
[debug] [2026-01-12T22:47:52.867Z] Checked if tokens are valid: true, expires at: 1768261414222
[debug] [2026-01-12T22:47:52.868Z] >>> [apiv2][query] GET https://firebase.googleapis.com/v1beta1/projects/wrestleswap [none]
[debug] [2026-01-12T22:47:53.262Z] <<< [apiv2][status] GET https://firebase.googleapis.com/v1beta1/projects/wrestleswap 200
[debug] [2026-01-12T22:47:53.262Z] <<< [apiv2][body] GET https://firebase.googleapis.com/v1beta1/projects/wrestleswap {"projectId":"wrestleswap","projectNumber":"857051782398","displayName":"WrestleSwap","name":"projects/wrestleswap","resources":{"hostingSite":"wrestleswap"},"state":"ACTIVE","etag":"1_d0d02c4e-8f11-44dd-862c-bdcbeaaf5045"}
[info] i  functions: Watching "C:\Users\finna\OneDrive\Desktop\SWAPS\functions" for Cloud Functions... {"metadata":{"emulator":{"name":"functions"},"message":"Watching \"C:\\Users\\finna\\OneDrive\\Desktop\\SWAPS\\functions\" for Cloud Functions..."}}
[info] i  hosting[wrestleswap]: Serving hosting files from: public {"metadata":{"emulator":{"name":"hosting"},"message":"Serving hosting files from: \u001b[1mpublic\u001b[22m"}}
[info] +  hosting[wrestleswap]: Local server: http://localhost:5000 {"metadata":{"emulator":{"name":"hosting"},"message":"Local server: \u001b[4m\u001b[1mhttp://localhost:5000\u001b[22m\u001b[24m"}}
[debug] [2026-01-12T22:47:53.305Z] Validating nodejs source
[warn] !  functions: package.json indicates an outdated version of firebase-functions. Please upgrade using npm install --save firebase-functions@latest in your functions directory. 
[debug] [2026-01-12T22:47:55.212Z] > [functions] package.json contents: {
  "name": "functions",
  "description": "Cloud Functions for Firebase",
  "scripts": {
    "lint": "echo Skipping lint",
    "serve": "firebase emulators:start --only functions",
    "shell": "firebase functions:shell",
    "start": "npm run shell",
    "deploy": "firebase deploy --only functions",
    "logs": "firebase functions:log"
  },
  "engines": {
    "node": "24"
  },
  "main": "index.js",
  "dependencies": {
    "@dataconnect/admin-generated": "file:src/dataconnect-admin-generated",
    "cors": "^2.8.5",
    "firebase-admin": "^13.6.0",
    "firebase-functions": "^7.0.0",
    "shippo": "^2.15.0",
    "stripe": "^20.0.0"
  },
  "devDependencies": {
    "eslint": "^8.15.0",
    "eslint-config-google": "^0.14.0",
    "firebase-functions-test": "^3.4.1"
  },
  "private": true
}
[debug] [2026-01-12T22:47:55.212Z] Building nodejs source
[debug] [2026-01-12T22:47:55.213Z] Failed to find version of module node: reached end of search path C:\Users\finna\OneDrive\Desktop\SWAPS\functions\node_modules
[info] +  functions: Using node@24 from host. 
[debug] [2026-01-12T22:47:55.215Z] Could not find functions.yaml. Must use http discovery
[debug] [2026-01-12T22:47:55.230Z] Found firebase-functions binary at 'C:\Users\finna\OneDrive\Desktop\SWAPS\functions\node_modules\.bin\firebase-functions'
[info] Serving at port 8659

[debug] [2026-01-12T22:47:58.182Z] Got response from /__/functions.yaml {"endpoints":{"createPaymentIntent":{"availableMemoryMb":null,"timeoutSeconds":null,"minInstances":null,"maxInstances":null,"ingressSettings":null,"concurrency":null,"serviceAccountEmail":null,"vpc":null,"platform":"gcfv2","secretEnvironmentVariables":[{"key":"STRIPE_SKEY"}],"labels":{},"httpsTrigger":{},"entryPoint":"createPaymentIntent"},"shippingRates":{"availableMemoryMb":null,"timeoutSeconds":null,"minInstances":null,"maxInstances":null,"ingressSettings":null,"concurrency":null,"serviceAccountEmail":null,"vpc":null,"platform":"gcfv2","secretEnvironmentVariables":[{"key":"SHIPPO_API_KEY"}],"labels":{},"httpsTrigger":{},"entryPoint":"shippingRates"}},"specVersion":"v1alpha1","requiredAPIs":[],"extensions":{},"params":[{"type":"secret","name":"STRIPE_SKEY"},{"type":"secret","name":"SHIPPO_API_KEY"}]}
[info] +  functions: Loaded functions definitions from source: createPaymentIntent, shippingRates. {"metadata":{"emulator":{"name":"functions"},"message":"Loaded functions definitions from source: createPaymentIntent, shippingRates."}}
[info] +  functions[us-central1-createPaymentIntent]: http function initialized (http://localhost:5001/wrestleswap/us-central1/createPaymentIntent). {"metadata":{"emulator":{"name":"functions"},"message":"\u001b[1mhttp\u001b[22m function initialized (http://localhost:5001/wrestleswap/us-central1/createPaymentIntent)."}}
[info] +  functions[us-central1-shippingRates]: http function initialized (http://localhost:5001/wrestleswap/us-central1/shippingRates). {"metadata":{"emulator":{"name":"functions"},"message":"\u001b[1mhttp\u001b[22m function initialized (http://localhost:5001/wrestleswap/us-central1/shippingRates)."}}
[info] i  functions: Watching "C:\Users\finna\OneDrive\Desktop\SWAPS\wrestleswap" for Cloud Functions... {"metadata":{"emulator":{"name":"functions"},"message":"Watching \"C:\\Users\\finna\\OneDrive\\Desktop\\SWAPS\\wrestleswap\" for Cloud Functions..."}}
[debug] [2026-01-12T22:48:02.258Z] Validating nodejs source
[warn] !  functions: Couldn't find firebase-functions package in your source code. Have you run 'npm install'? 
[debug] [2026-01-12T22:48:02.260Z] getFunctionsSDKVersion encountered error: Cannot find module 'firebase-functions'
Require stack:
- C:\Users\finna\AppData\Roaming\npm\node_modules\firebase-tools\lib\deploy\functions\runtimes\node\versioning.js
- C:\Users\finna\AppData\Roaming\npm\node_modules\firebase-tools\lib\deploy\functions\runtimes\node\index.js
- C:\Users\finna\AppData\Roaming\npm\node_modules\firebase-tools\lib\deploy\functions\runtimes\index.js
- C:\Users\finna\AppData\Roaming\npm\node_modules\firebase-tools\lib\deploy\functions\prepare.js
- C:\Users\finna\AppData\Roaming\npm\node_modules\firebase-tools\lib\emulator\functionsEmulatorShared.js
- C:\Users\finna\AppData\Roaming\npm\node_modules\firebase-tools\lib\frameworks\index.js
- C:\Users\finna\AppData\Roaming\npm\node_modules\firebase-tools\lib\serve\index.js
- C:\Users\finna\AppData\Roaming\npm\node_modules\firebase-tools\lib\commands\serve.js
- C:\Users\finna\AppData\Roaming\npm\node_modules\firebase-tools\lib\commands\index.js
- C:\Users\finna\AppData\Roaming\npm\node_modules\firebase-tools\lib\index.js
- C:\Users\finna\AppData\Roaming\npm\node_modules\firebase-tools\lib\bin\cli.js
- C:\Users\finna\AppData\Roaming\npm\node_modules\firebase-tools\lib\bin\firebase.js {"code":"MODULE_NOT_FOUND","requireStack":["C:\\Users\\finna\\AppData\\Roaming\\npm\\node_modules\\firebase-tools\\lib\\deploy\\functions\\runtimes\\node\\versioning.js","C:\\Users\\finna\\AppData\\Roaming\\npm\\node_modules\\firebase-tools\\lib\\deploy\\functions\\runtimes\\node\\index.js","C:\\Users\\finna\\AppData\\Roaming\\npm\\node_modules\\firebase-tools\\lib\\deploy\\functions\\runtimes\\index.js","C:\\Users\\finna\\AppData\\Roaming\\npm\\node_modules\\firebase-tools\\lib\\deploy\\functions\\prepare.js","C:\\Users\\finna\\AppData\\Roaming\\npm\\node_modules\\firebase-tools\\lib\\emulator\\functionsEmulatorShared.js","C:\\Users\\finna\\AppData\\Roaming\\npm\\node_modules\\firebase-tools\\lib\\frameworks\\index.js","C:\\Users\\finna\\AppData\\Roaming\\npm\\node_modules\\firebase-tools\\lib\\serve\\index.js","C:\\Users\\finna\\AppData\\Roaming\\npm\\node_modules\\firebase-tools\\lib\\commands\\serve.js","C:\\Users\\finna\\AppData\\Roaming\\npm\\node_modules\\firebase-tools\\lib\\commands\\index.js","C:\\Users\\finna\\AppData\\Roaming\\npm\\node_modules\\firebase-tools\\lib\\index.js","C:\\Users\\finna\\AppData\\Roaming\\npm\\node_modules\\firebase-tools\\lib\\bin\\cli.js","C:\\Users\\finna\\AppData\\Roaming\\npm\\node_modules\\firebase-tools\\lib\\bin\\firebase.js"]}
[debug] [2026-01-12T22:48:02.262Z] checkFunctionsSDKVersion encountered error: Invalid Version:  {}
[debug] [2026-01-12T22:48:02.263Z] > [functions] package.json contents: {
  "name": "functions",
  "description": "Cloud Functions for Firebase",
  "scripts": {
    "serve": "firebase emulators:start --only functions",
    "shell": "firebase functions:shell",
    "start": "npm run shell",
    "deploy": "firebase deploy --only functions",
    "logs": "firebase functions:log"
  },
  "engines": {
    "node": "24"
  },
  "main": "index.js",
  "dependencies": {
    "firebase-admin": "^13.6.0",
    "firebase-functions": "^7.0.0"
  },
  "devDependencies": {
    "firebase-functions-test": "^3.4.1"
  },
  "private": true
}
[debug] [2026-01-12T22:48:02.264Z] Building nodejs source
[debug] [2026-01-12T22:48:02.264Z] Failed to find version of module node: reached end of search path C:\Users\finna\OneDrive\Desktop\SWAPS\wrestleswap\node_modules
[info] +  functions: Using node@24 from host. 
[debug] [2026-01-12T22:48:02.265Z] Could not parse firebase-functions version '' into semver.
[debug] [2026-01-12T22:48:02.265Z] Could not find functions.yaml. Must use http discovery
[error] !!  functions: Failed to load function definition from source: Error: Cannot find module 'firebase-functions'
Require stack:
- C:\Users\finna\AppData\Roaming\npm\node_modules\firebase-tools\lib\deploy\functions\runtimes\node\index.js
- C:\Users\finna\AppData\Roaming\npm\node_modules\firebase-tools\lib\deploy\functions\runtimes\index.js
- C:\Users\finna\AppData\Roaming\npm\node_modules\firebase-tools\lib\deploy\functions\prepare.js
- C:\Users\finna\AppData\Roaming\npm\node_modules\firebase-tools\lib\emulator\functionsEmulatorShared.js
- C:\Users\finna\AppData\Roaming\npm\node_modules\firebase-tools\lib\frameworks\index.js
- C:\Users\finna\AppData\Roaming\npm\node_modules\firebase-tools\lib\serve\index.js
- C:\Users\finna\AppData\Roaming\npm\node_modules\firebase-tools\lib\commands\serve.js
- C:\Users\finna\AppData\Roaming\npm\node_modules\firebase-tools\lib\commands\index.js
- C:\Users\finna\AppData\Roaming\npm\node_modules\firebase-tools\lib\index.js
- C:\Users\finna\AppData\Roaming\npm\node_modules\firebase-tools\lib\bin\cli.js
- C:\Users\finna\AppData\Roaming\npm\node_modules\firebase-tools\lib\bin\firebase.js {"metadata":{"emulator":{"name":"functions"},"message":"Failed to load function definition from source: Error: Cannot find module 'firebase-functions'\nRequire stack:\n- C:\\Users\\finna\\AppData\\Roaming\\npm\\node_modules\\firebase-tools\\lib\\deploy\\functions\\runtimes\\node\\index.js\n- C:\\Users\\finna\\AppData\\Roaming\\npm\\node_modules\\firebase-tools\\lib\\deploy\\functions\\runtimes\\index.js\n- C:\\Users\\finna\\AppData\\Roaming\\npm\\node_modules\\firebase-tools\\lib\\deploy\\functions\\prepare.js\n- C:\\Users\\finna\\AppData\\Roaming\\npm\\node_modules\\firebase-tools\\lib\\emulator\\functionsEmulatorShared.js\n- C:\\Users\\finna\\AppData\\Roaming\\npm\\node_modules\\firebase-tools\\lib\\frameworks\\index.js\n- C:\\Users\\finna\\AppData\\Roaming\\npm\\node_modules\\firebase-tools\\lib\\serve\\index.js\n- C:\\Users\\finna\\AppData\\Roaming\\npm\\node_modules\\firebase-tools\\lib\\commands\\serve.js\n- C:\\Users\\finna\\AppData\\Roaming\\npm\\node_modules\\firebase-tools\\lib\\commands\\index.js\n- C:\\Users\\finna\\AppData\\Roaming\\npm\\node_modules\\firebase-tools\\lib\\index.js\n- C:\\Users\\finna\\AppData\\Roaming\\npm\\node_modules\\firebase-tools\\lib\\bin\\cli.js\n- C:\\Users\\finna\\AppData\\Roaming\\npm\\node_modules\\firebase-tools\\lib\\bin\\firebase.js"}}
